Using pre-set license
Built from '2020.3/staging' branch; Version is '2020.3.32f1 (12f8b0834f07) revision 1243312'; Using compiler version '192528614'; Build Type 'Release'
OS: 'Windows 10  (10.0.19044) 64bit Professional' Language: 'en' Physical Memory: 32641 MB
BatchMode: 1, IsHumanControllingUs: 0, StartBugReporterOnCrash: 0, Is64bit: 1, IsPro: 0

COMMAND LINE ARGUMENTS:
C:\Program Files\Unity\Hub\Editor\2020.3.32f1\Editor\Unity.exe
-adb2
-batchMode
-noUpm
-name
AssetImportWorker0
-projectPath
C:/Users/cdevp/OneDrive/Desktop/UnityProjects/150Calories-main
-logFile
Logs/AssetImportWorker0.log
-srvPort
57036
Successfully changed project path to: C:/Users/cdevp/OneDrive/Desktop/UnityProjects/150Calories-main
C:/Users/cdevp/OneDrive/Desktop/UnityProjects/150Calories-main
Using Asset Import Pipeline V2.
Refreshing native plugins compatible for Editor in 91.55 ms, found 3 plugins.
Preloading 0 native plugins for Editor in 0.00 ms.
Initialize engine version: 2020.3.32f1 (12f8b0834f07)
[Subsystems] Discovering subsystems at path C:/Program Files/Unity/Hub/Editor/2020.3.32f1/Editor/Data/Resources/UnitySubsystems
[Subsystems] Discovering subsystems at path C:/Users/cdevp/OneDrive/Desktop/UnityProjects/150Calories-main/Assets
GfxDevice: creating device client; threaded=0
Direct3D:
    Version:  Direct3D 11.0 [level 11.1]
    Renderer: NVIDIA GeForce RTX 2070 (ID=0x1f02)
    Vendor:   
    VRAM:     8031 MB
    Driver:   30.0.15.1179
Shader 'SkyMaster/Terrain SNOW Lite': dependency 'AddPassShader' shader 'Hidden/Nature/Terrain/Bumped Specular AddPass' not found
Initialize mono
Mono path[0] = 'C:/Program Files/Unity/Hub/Editor/2020.3.32f1/Editor/Data/Managed'
Mono path[1] = 'C:/Program Files/Unity/Hub/Editor/2020.3.32f1/Editor/Data/MonoBleedingEdge/lib/mono/unityjit'
Mono config path = 'C:/Program Files/Unity/Hub/Editor/2020.3.32f1/Editor/Data/MonoBleedingEdge/etc'
Using monoOptions --debugger-agent=transport=dt_socket,embedding=1,server=y,suspend=n,address=127.0.0.1:56080
Begin MonoManager ReloadAssembly
Registering precompiled unity dll's ...
Register platform support module: C:/Program Files/Unity/Hub/Editor/2020.3.32f1/Editor/Data/PlaybackEngines/WebGLSupport/UnityEditor.WebGL.Extensions.dll
Register platform support module: C:/Program Files/Unity/Hub/Editor/2020.3.32f1/Editor/Data/PlaybackEngines/MacStandaloneSupport/UnityEditor.OSXStandalone.Extensions.dll
Register platform support module: C:/Program Files/Unity/Hub/Editor/2020.3.32f1/Editor/Data/PlaybackEngines/WindowsStandaloneSupport/UnityEditor.WindowsStandalone.Extensions.dll
Register platform support module: C:/Program Files/Unity/Hub/Editor/2020.3.32f1/Editor/Data/PlaybackEngines/LinuxStandaloneSupport/UnityEditor.LinuxStandalone.Extensions.dll
Register platform support module: C:/Program Files/Unity/Hub/Editor/2020.3.32f1/Editor/Data/PlaybackEngines/LuminSupport/UnityEditor.Lumin.Extensions.dll
Registered in 0.004583 seconds.
Native extension for Lumin target not found
Native extension for LinuxStandalone target not found
Native extension for WindowsStandalone target not found
Native extension for OSXStandalone target not found
Native extension for WebGL target not found
Refreshing native plugins compatible for Editor in 87.04 ms, found 3 plugins.
Preloading 0 native plugins for Editor in 0.00 ms.
Mono: successfully reloaded assembly
- Completed reload, in  0.691 seconds
Domain Reload Profiling:
	ReloadAssembly (691ms)
		BeginReloadAssembly (75ms)
			ExecutionOrderSort (0ms)
			DisableScriptedObjects (0ms)
			BackupInstance (0ms)
			ReleaseScriptingObjects (0ms)
			CreateAndSetChildDomain (1ms)
		EndReloadAssembly (530ms)
			LoadAssemblies (74ms)
			RebuildTransferFunctionScriptingTraits (0ms)
			SetupTypeCache (162ms)
			ReleaseScriptCaches (0ms)
			RebuildScriptCaches (30ms)
			SetupLoadedEditorAssemblies (227ms)
				LogAssemblyErrors (0ms)
				InitializePlatformSupportModulesInManaged (8ms)
				SetLoadedEditorAssemblies (0ms)
				RefreshPlugins (87ms)
				BeforeProcessingInitializeOnLoad (17ms)
				ProcessInitializeOnLoadAttributes (84ms)
				ProcessInitializeOnLoadMethodAttributes (29ms)
				AfterProcessingInitializeOnLoad (0ms)
				EditorAssembliesLoaded (0ms)
			ExecutionOrderSort2 (0ms)
			AwakeInstancesAfterBackupRestoration (0ms)
Platform modules already initialized, skipping
Registering precompiled user dll's ...
Registered in 0.007085 seconds.
Begin MonoManager ReloadAssembly
Native extension for Lumin target not found
Native extension for LinuxStandalone target not found
Native extension for WindowsStandalone target not found
Native extension for OSXStandalone target not found
Native extension for WebGL target not found
Refreshing native plugins compatible for Editor in 93.66 ms, found 3 plugins.
Preloading 0 native plugins for Editor in 0.00 ms.
Mono: successfully reloaded assembly
- Completed reload, in  1.321 seconds
Domain Reload Profiling:
	ReloadAssembly (1322ms)
		BeginReloadAssembly (170ms)
			ExecutionOrderSort (0ms)
			DisableScriptedObjects (5ms)
			BackupInstance (0ms)
			ReleaseScriptingObjects (0ms)
			CreateAndSetChildDomain (20ms)
		EndReloadAssembly (1080ms)
			LoadAssemblies (120ms)
			RebuildTransferFunctionScriptingTraits (0ms)
			SetupTypeCache (352ms)
			ReleaseScriptCaches (1ms)
			RebuildScriptCaches (56ms)
			SetupLoadedEditorAssemblies (430ms)
				LogAssemblyErrors (0ms)
				InitializePlatformSupportModulesInManaged (7ms)
				SetLoadedEditorAssemblies (0ms)
				RefreshPlugins (94ms)
				BeforeProcessingInitializeOnLoad (103ms)
				ProcessInitializeOnLoadAttributes (207ms)
				ProcessInitializeOnLoadMethodAttributes (9ms)
				AfterProcessingInitializeOnLoad (9ms)
				EditorAssembliesLoaded (0ms)
			ExecutionOrderSort2 (0ms)
			AwakeInstancesAfterBackupRestoration (7ms)
Platform modules already initialized, skipping
========================================================================
Worker process is ready to serve import requests
Shader 'SkyMaster/Terrain SNOW Lite': dependency 'AddPassShader' shader 'Hidden/Nature/Terrain/Bumped Specular AddPass' not found
Launched and connected shader compiler UnityShaderCompiler.exe after 0.06 seconds
Refreshing native plugins compatible for Editor in 1.04 ms, found 3 plugins.
Preloading 0 native plugins for Editor in 0.00 ms.
Unloading 3213 Unused Serialized files (Serialized files now loaded: 0)
System memory in use before: 188.7 MB.
System memory in use after: 188.1 MB.

Unloading 31 unused Assets to reduce memory usage. Loaded Objects now: 3652.
Total: 4.529800 ms (FindLiveObjects: 0.337800 ms CreateObjectMapping: 0.106200 ms MarkObjects: 3.519900 ms  DeleteObjects: 0.564700 ms)

AssetImportParameters requested are different than current active one (requested -> active):
  custom:framework-win-MediaFoundation: 216162199b28c13a410421893ffa2e32 -> 
  custom:video-decoder-ogg-theora: a1e56fd34408186e4bbccfd4996cb3dc -> 
  custom:container-muxer-webm: aa71ff27fc2769a1b78a27578f13a17b -> 
  custom:container-demuxer-webm: 4f35f7cbe854078d1ac9338744f61a02 -> 
  custom:container-demuxer-ogg: 62fdf1f143b41e24485cea50d1cbac27 -> 
  custom:video-encoder-webm-vp8: eb34c28f22e8b96e1ab97ce403110664 -> 
  custom:video-decoder-webm-vp8: 9c59270c3fd7afecdb556c50c9e8de78 -> 
  custom:audio-decoder-ogg-vorbis: bf7c407c2cedff20999df2af8eb42d56 -> 
  custom:audio-encoder-webm-vorbis: bf7c407c2cedff20999df2af8eb42d56 -> 
========================================================================
Received Import Request.
  path: Assets/Import/ARTnGAME/SkyMaster/Scripts/V3.5 Scripts/Full volume clouds/ShaderVolumeCloudsSMV3.4 3 SM30 like SM20 H 1 BACK8 use 3 DOME BACK2.mat
  artifactKey: Guid(19f62d5a94f49f648ae511af205b2643) Importer(815301076,1909f56bfc062723c751e8b465ee728b)
Start importing Assets/Import/ARTnGAME/SkyMaster/Scripts/V3.5 Scripts/Full volume clouds/ShaderVolumeCloudsSMV3.4 3 SM30 like SM20 H 1 BACK8 use 3 DOME BACK2.mat using Guid(19f62d5a94f49f648ae511af205b2643) Importer(815301076,1909f56bfc062723c751e8b465ee728b)  -> (artifact id: '31557a16fb71b0349afec77703d94647') in 0.268108 seconds 
========================================================================
Received Import Request.
  Time since last request: 0.000351 seconds.
  path: Assets/Import/ARTnGAME/InfiniCLOUD/Scripts/V3.4 Scripts/ShaderVolumeClouds/ShaderVolumeCloudsSMV3.4 3 SM30 like SM20 H 1 BACK8 use VOLUME.mat
  artifactKey: Guid(91765a9befdc5f94c82acfd6ccc293ed) Importer(815301076,1909f56bfc062723c751e8b465ee728b)
Start importing Assets/Import/ARTnGAME/InfiniCLOUD/Scripts/V3.4 Scripts/ShaderVolumeClouds/ShaderVolumeCloudsSMV3.4 3 SM30 like SM20 H 1 BACK8 use VOLUME.mat using Guid(91765a9befdc5f94c82acfd6ccc293ed) Importer(815301076,1909f56bfc062723c751e8b465ee728b)  -> (artifact id: 'd5deaec16a59506a003b1263d6e09388') in 0.151308 seconds 
========================================================================
Received Import Request.
  Time since last request: 0.000258 seconds.
  path: Assets/Import/ARTnGAME/SkyMaster/Scripts/V3.4 Scripts/ShaderVolumeClouds/ShaderVolumeCloudsSMV3.4 3 SM30 like SM20 H 1 BACK8 use 3 v3.4.3 TOP DOWN LOW FOG 3.mat
  artifactKey: Guid(ec35386c05b5fb642b55484494c1563c) Importer(815301076,1909f56bfc062723c751e8b465ee728b)
Start importing Assets/Import/ARTnGAME/SkyMaster/Scripts/V3.4 Scripts/ShaderVolumeClouds/ShaderVolumeCloudsSMV3.4 3 SM30 like SM20 H 1 BACK8 use 3 v3.4.3 TOP DOWN LOW FOG 3.mat using Guid(ec35386c05b5fb642b55484494c1563c) Importer(815301076,1909f56bfc062723c751e8b465ee728b)  -> (artifact id: '712bf18589ff05d75807860fb6ecebd6') in 0.145167 seconds 
========================================================================
Received Import Request.
  Time since last request: 0.000252 seconds.
  path: Assets/Import/ARTnGAME/SkyMaster/Scripts/V3.5 Scripts/Full volume clouds/ShaderVolumeCloudsSMV3.4 3 SM30 like SM20 H 1 BACK8 use 3 DOME BACK3.mat
  artifactKey: Guid(ce2fabb530ccb5642b37a1ee95b3ffd5) Importer(815301076,1909f56bfc062723c751e8b465ee728b)
Start importing Assets/Import/ARTnGAME/SkyMaster/Scripts/V3.5 Scripts/Full volume clouds/ShaderVolumeCloudsSMV3.4 3 SM30 like SM20 H 1 BACK8 use 3 DOME BACK3.mat using Guid(ce2fabb530ccb5642b37a1ee95b3ffd5) Importer(815301076,1909f56bfc062723c751e8b465ee728b)  -> (artifact id: 'a0bba2017ff5360b46841a52bc3e672e') in 0.041433 seconds 
========================================================================
Received Import Request.
  Time since last request: 0.000236 seconds.
  path: Assets/Import/ARTnGAME/InfiniCLOUD/Scripts/V3.4 Scripts/ShaderVolumeClouds/ShaderVolumeCloudsSMV3.4 3 SM30 like SM20 H 1 BACK8 use 1.mat
  artifactKey: Guid(fb5d86b2bfb882643acdac6bbc91ab22) Importer(815301076,1909f56bfc062723c751e8b465ee728b)
Start importing Assets/Import/ARTnGAME/InfiniCLOUD/Scripts/V3.4 Scripts/ShaderVolumeClouds/ShaderVolumeCloudsSMV3.4 3 SM30 like SM20 H 1 BACK8 use 1.mat using Guid(fb5d86b2bfb882643acdac6bbc91ab22) Importer(815301076,1909f56bfc062723c751e8b465ee728b)  -> (artifact id: '7e068fb969ab8ddec30958a575cf1d63') in 0.026955 seconds 
========================================================================
Received Import Request.
  Time since last request: 0.000230 seconds.
  path: Assets/Import/ARTnGAME/InfiniCLOUD/Scripts/V3.4 Scripts/ShaderVolumeClouds/ShaderVolumeCloudsSMV3.4 3 SM30 like SM20.mat
  artifactKey: Guid(e8ec077025b59064cac01ea5b3befa01) Importer(815301076,1909f56bfc062723c751e8b465ee728b)
Start importing Assets/Import/ARTnGAME/InfiniCLOUD/Scripts/V3.4 Scripts/ShaderVolumeClouds/ShaderVolumeCloudsSMV3.4 3 SM30 like SM20.mat using Guid(e8ec077025b59064cac01ea5b3befa01) Importer(815301076,1909f56bfc062723c751e8b465ee728b)  -> (artifact id: 'dd8dc2304f65f7013d38b06ccd4ed3a5') in 0.026619 seconds 
========================================================================
Received Import Request.
  Time since last request: 0.000237 seconds.
  path: Assets/Import/ARTnGAME/InfiniCLOUD/Scripts/V3.4 Scripts/ShaderVolumeClouds/ShaderVolumeCloudsSMV3.4 3 SM30 like SM20 H 1 BACK8 use 1 VERTICAL1.mat
  artifactKey: Guid(743710dd6c670ee4e8d2456a707cbb3f) Importer(815301076,1909f56bfc062723c751e8b465ee728b)
Start importing Assets/Import/ARTnGAME/InfiniCLOUD/Scripts/V3.4 Scripts/ShaderVolumeClouds/ShaderVolumeCloudsSMV3.4 3 SM30 like SM20 H 1 BACK8 use 1 VERTICAL1.mat using Guid(743710dd6c670ee4e8d2456a707cbb3f) Importer(815301076,1909f56bfc062723c751e8b465ee728b)  -> (artifact id: '46cbceb919bc443145fb5ff236f52cb3') in 0.025992 seconds 
========================================================================
Received Import Request.
  Time since last request: 0.000270 seconds.
  path: Assets/Import/ARTnGAME/SkyMaster/Scripts/V3.5 Scripts/Full volume clouds/ShaderVolumeCloudsSMV3.4 3 SM30 like SM20 H 1 BACK8 use 3.mat
  artifactKey: Guid(2bf820f5a6565b3428e44537fd1cd3ea) Importer(815301076,1909f56bfc062723c751e8b465ee728b)
Start importing Assets/Import/ARTnGAME/SkyMaster/Scripts/V3.5 Scripts/Full volume clouds/ShaderVolumeCloudsSMV3.4 3 SM30 like SM20 H 1 BACK8 use 3.mat using Guid(2bf820f5a6565b3428e44537fd1cd3ea) Importer(815301076,1909f56bfc062723c751e8b465ee728b)  -> (artifact id: 'b811adde831f6dc998a9d3ab539e1bda') in 0.026684 seconds 
========================================================================
Received Import Request.
  Time since last request: 0.000243 seconds.
  path: Assets/Import/ARTnGAME/InfiniCLOUD/Scripts/V3.4 Scripts/ShaderVolumeClouds/ShaderVolumeCloudsSMV3.4 3 SM30 like SM20 H 1 BACK8 use 2.mat
  artifactKey: Guid(13ab62000c26bb54aae1c2f8fd7edb71) Importer(815301076,1909f56bfc062723c751e8b465ee728b)
Start importing Assets/Import/ARTnGAME/InfiniCLOUD/Scripts/V3.4 Scripts/ShaderVolumeClouds/ShaderVolumeCloudsSMV3.4 3 SM30 like SM20 H 1 BACK8 use 2.mat using Guid(13ab62000c26bb54aae1c2f8fd7edb71) Importer(815301076,1909f56bfc062723c751e8b465ee728b)  -> (artifact id: '9cfdb30fefe873e1f232a2e7e9609612') in 0.033292 seconds 
========================================================================
Received Import Request.
  Time since last request: 0.000218 seconds.
  path: Assets/Import/ARTnGAME/InfiniCLOUD/Scripts/V3.4 Scripts/ShaderVolumeClouds/ShaderVolumeCloudsSMV3.4 3 SM30 like SM20 H 1 BACK8 use.mat
  artifactKey: Guid(9acd277d10a09024d8dc2cb3525a2862) Importer(815301076,1909f56bfc062723c751e8b465ee728b)
Start importing Assets/Import/ARTnGAME/InfiniCLOUD/Scripts/V3.4 Scripts/ShaderVolumeClouds/ShaderVolumeCloudsSMV3.4 3 SM30 like SM20 H 1 BACK8 use.mat using Guid(9acd277d10a09024d8dc2cb3525a2862) Importer(815301076,1909f56bfc062723c751e8b465ee728b)  -> (artifact id: 'e2ca598b2f61cb20ba27324254257349') in 0.028674 seconds 
========================================================================
Received Import Request.
  Time since last request: 0.000221 seconds.
  path: Assets/Import/ARTnGAME/InfiniCLOUD/Scripts/V3.4 Scripts/ShaderVolumeClouds/ShaderVolumeCloudsSMV3.4 3 SM30 like SM20 H 1 BACK8 use 3 v3.4.3 TOP DOWN LOW FOG 1.mat
  artifactKey: Guid(34dc12aabfa43e540a5fd55af774ea21) Importer(815301076,1909f56bfc062723c751e8b465ee728b)
Start importing Assets/Import/ARTnGAME/InfiniCLOUD/Scripts/V3.4 Scripts/ShaderVolumeClouds/ShaderVolumeCloudsSMV3.4 3 SM30 like SM20 H 1 BACK8 use 3 v3.4.3 TOP DOWN LOW FOG 1.mat using Guid(34dc12aabfa43e540a5fd55af774ea21) Importer(815301076,1909f56bfc062723c751e8b465ee728b)  -> (artifact id: '778b71b0ac1f79d76fb1c8c736fbc6f1') in 0.024463 seconds 
========================================================================
Received Import Request.
  Time since last request: 0.000222 seconds.
  path: Assets/Import/ARTnGAME/InfiniCLOUD/SkyMaster Vortex Clouds/Scripts/V3.4 Scripts/ShaderVolumeClouds/ShaderVolumeCloudsSMV3.4 3 SM30 like SM20 H 1 BACK8 use 3 v3.4.3 TOP DOWN LOW FOG 4 VORTEX 2.mat
  artifactKey: Guid(37e66ef671a1eb94fb4653743535aeb5) Importer(815301076,1909f56bfc062723c751e8b465ee728b)
Start importing Assets/Import/ARTnGAME/InfiniCLOUD/SkyMaster Vortex Clouds/Scripts/V3.4 Scripts/ShaderVolumeClouds/ShaderVolumeCloudsSMV3.4 3 SM30 like SM20 H 1 BACK8 use 3 v3.4.3 TOP DOWN LOW FOG 4 VORTEX 2.mat using Guid(37e66ef671a1eb94fb4653743535aeb5) Importer(815301076,1909f56bfc062723c751e8b465ee728b)  -> (artifact id: '266cda60e70276119d452eeebcd6251c') in 0.130751 seconds 
========================================================================
Received Import Request.
  Time since last request: 0.000262 seconds.
  path: Assets/Import/ARTnGAME/InfiniCLOUD/Scripts/V3.4 Scripts/ShaderVolumeClouds/ShaderVolumeCloudsSMV3.4 3 SM30 like SM20 H 1 BACK8 use 3 v3.4.3.mat
  artifactKey: Guid(353527d69ea5a2a42b69bc7eb8dcd427) Importer(815301076,1909f56bfc062723c751e8b465ee728b)
Start importing Assets/Import/ARTnGAME/InfiniCLOUD/Scripts/V3.4 Scripts/ShaderVolumeClouds/ShaderVolumeCloudsSMV3.4 3 SM30 like SM20 H 1 BACK8 use 3 v3.4.3.mat using Guid(353527d69ea5a2a42b69bc7eb8dcd427) Importer(815301076,1909f56bfc062723c751e8b465ee728b)  -> (artifact id: '236cadba37ad6194e05de2002c1c7f40') in 0.025312 seconds 
========================================================================
Received Import Request.
  Time since last request: 0.000225 seconds.
  path: Assets/Import/ARTnGAME/SkyMaster/EXTRA SM DEMOS AND ASSETS/Scripts/V3.4 Scripts/ShaderVolumeClouds/ShaderVolumeCloudsSMV3.4 3 SM30 like SM20 H 1 BACK8 use 3 v3.4.3 2.mat
  artifactKey: Guid(624de5fa2d028df489288d88b66e5b0b) Importer(815301076,1909f56bfc062723c751e8b465ee728b)
Start importing Assets/Import/ARTnGAME/SkyMaster/EXTRA SM DEMOS AND ASSETS/Scripts/V3.4 Scripts/ShaderVolumeClouds/ShaderVolumeCloudsSMV3.4 3 SM30 like SM20 H 1 BACK8 use 3 v3.4.3 2.mat using Guid(624de5fa2d028df489288d88b66e5b0b) Importer(815301076,1909f56bfc062723c751e8b465ee728b)  -> (artifact id: '2858d1ba2ca8e4a8d3d51156011b8455') in 0.023385 seconds 
========================================================================
Received Import Request.
  Time since last request: 0.000262 seconds.
  path: Assets/Import/ARTnGAME/SkyMaster/EXTRA SM DEMOS AND ASSETS/Scripts/V3.4 Scripts/ShaderVolumeClouds/ShaderVolumeCloudsSMV3.4 3 SM30 like SM20 H 1SHADOWS.mat
  artifactKey: Guid(ec7aeb6a41be45f4aae4132bd8b914f3) Importer(815301076,1909f56bfc062723c751e8b465ee728b)
Start importing Assets/Import/ARTnGAME/SkyMaster/EXTRA SM DEMOS AND ASSETS/Scripts/V3.4 Scripts/ShaderVolumeClouds/ShaderVolumeCloudsSMV3.4 3 SM30 like SM20 H 1SHADOWS.mat using Guid(ec7aeb6a41be45f4aae4132bd8b914f3) Importer(815301076,1909f56bfc062723c751e8b465ee728b)  -> (artifact id: '789dd6a11cc7368ea9abc59314451da3') in 0.027524 seconds 
========================================================================
Received Import Request.
  Time since last request: 0.000273 seconds.
  path: Assets/Import/ARTnGAME/InfiniCLOUD/Scripts/V3.4 Scripts/ShaderVolumeClouds/ShaderVolumeCloudsSMV3.4 3 SM30 like SM20 H 1 BACK8 use 3 v3.4.3 TOP DOWN LOW FOG 2.mat
  artifactKey: Guid(5a9b1bf171a957246bec60e184c7ed69) Importer(815301076,1909f56bfc062723c751e8b465ee728b)
Start importing Assets/Import/ARTnGAME/InfiniCLOUD/Scripts/V3.4 Scripts/ShaderVolumeClouds/ShaderVolumeCloudsSMV3.4 3 SM30 like SM20 H 1 BACK8 use 3 v3.4.3 TOP DOWN LOW FOG 2.mat using Guid(5a9b1bf171a957246bec60e184c7ed69) Importer(815301076,1909f56bfc062723c751e8b465ee728b)  -> (artifact id: 'dd7488d7d68401b7d113eb6f5a6e74bc') in 0.028337 seconds 
========================================================================
Received Import Request.
  Time since last request: 0.000264 seconds.
  path: Assets/Import/ARTnGAME/InfiniCLOUD/SkyMaster Vortex Clouds/Scripts/V3.4 Scripts/ShaderVolumeClouds/ShaderVolumeCloudsSMV3.4 3 SM30 like SM20 H 1 BACK8 use 3 v3.4.3 TOP DOWN LOW FOG 4 VORTEX.mat
  artifactKey: Guid(fa1890b050634ed4492dfdffc5ca3335) Importer(815301076,1909f56bfc062723c751e8b465ee728b)
Start importing Assets/Import/ARTnGAME/InfiniCLOUD/SkyMaster Vortex Clouds/Scripts/V3.4 Scripts/ShaderVolumeClouds/ShaderVolumeCloudsSMV3.4 3 SM30 like SM20 H 1 BACK8 use 3 v3.4.3 TOP DOWN LOW FOG 4 VORTEX.mat using Guid(fa1890b050634ed4492dfdffc5ca3335) Importer(815301076,1909f56bfc062723c751e8b465ee728b)  -> (artifact id: 'b59a6a6e8fe3ba8651240c23c0651b53') in 0.025921 seconds 
========================================================================
Received Import Request.
  Time since last request: 0.000271 seconds.
  path: Assets/Import/ARTnGAME/SkyMaster/Scripts/V3.5 Scripts/Full volume clouds/ShaderVolumeCloudsSMV3.4 3 SM30 like SM20 H 1 BACK8 use 3 DOME BACK1.mat
  artifactKey: Guid(0b835da717d19324bb25d11938637274) Importer(815301076,1909f56bfc062723c751e8b465ee728b)
Start importing Assets/Import/ARTnGAME/SkyMaster/Scripts/V3.5 Scripts/Full volume clouds/ShaderVolumeCloudsSMV3.4 3 SM30 like SM20 H 1 BACK8 use 3 DOME BACK1.mat using Guid(0b835da717d19324bb25d11938637274) Importer(815301076,1909f56bfc062723c751e8b465ee728b)  -> (artifact id: 'fd8ebc46bd41b81fde65a85c1f349ba7') in 0.026576 seconds 
========================================================================
Received Import Request.
  Time since last request: 0.000320 seconds.
  path: Assets/Import/ARTnGAME/SkyMaster/EXTRA SM DEMOS AND ASSETS/Scripts/V3.4 Scripts/ShaderVolumeClouds/ShaderVolumeCloudsSMV3.4 3 SM30 like SM20 Q 1.mat
  artifactKey: Guid(e54f8c49fc7762748b20ce55ebf609b4) Importer(815301076,1909f56bfc062723c751e8b465ee728b)
Start importing Assets/Import/ARTnGAME/SkyMaster/EXTRA SM DEMOS AND ASSETS/Scripts/V3.4 Scripts/ShaderVolumeClouds/ShaderVolumeCloudsSMV3.4 3 SM30 like SM20 Q 1.mat using Guid(e54f8c49fc7762748b20ce55ebf609b4) Importer(815301076,1909f56bfc062723c751e8b465ee728b)  -> (artifact id: '0ee6415346aa7ae51d700151218ee42c') in 0.029603 seconds 
========================================================================
Received Import Request.
  Time since last request: 0.000256 seconds.
  path: Assets/Import/ARTnGAME/SkyMaster/Scripts/V3.4 Scripts/ShaderVolumeClouds/ShaderVolumeCloudsSMV3.4 3 SM30 like SM20 H 1 BACK8 use 3 v3.4.3 TOP DOWN LOW FOG 2.mat
  artifactKey: Guid(457306a3ef743f64aa95d478fd339cd0) Importer(815301076,1909f56bfc062723c751e8b465ee728b)
Start importing Assets/Import/ARTnGAME/SkyMaster/Scripts/V3.4 Scripts/ShaderVolumeClouds/ShaderVolumeCloudsSMV3.4 3 SM30 like SM20 H 1 BACK8 use 3 v3.4.3 TOP DOWN LOW FOG 2.mat using Guid(457306a3ef743f64aa95d478fd339cd0) Importer(815301076,1909f56bfc062723c751e8b465ee728b)  -> (artifact id: 'c4b3a66521edcf6c74028cb1b1b7a470') in 0.021592 seconds 
========================================================================
Received Import Request.
  Time since last request: 0.000221 seconds.
  path: Assets/Import/ARTnGAME/InfiniCLOUD/SkyMaster Vortex Clouds/Scripts/V3.4 Scripts/ShaderVolumeClouds/ShaderVolumeCloudsSMV3.4 3 SM30 like SM20 H 1 BACK8 use 3 v3.4.3 TOP DOWN LOW FOG 4 VORTEX 1.mat
  artifactKey: Guid(67c9d1b794a61c9459b1b176438a5afd) Importer(815301076,1909f56bfc062723c751e8b465ee728b)
Start importing Assets/Import/ARTnGAME/InfiniCLOUD/SkyMaster Vortex Clouds/Scripts/V3.4 Scripts/ShaderVolumeClouds/ShaderVolumeCloudsSMV3.4 3 SM30 like SM20 H 1 BACK8 use 3 v3.4.3 TOP DOWN LOW FOG 4 VORTEX 1.mat using Guid(67c9d1b794a61c9459b1b176438a5afd) Importer(815301076,1909f56bfc062723c751e8b465ee728b)  -> (artifact id: 'e778ab42ed6dd25eaecb52200c3d532e') in 0.026049 seconds 
========================================================================
Received Import Request.
  Time since last request: 0.000223 seconds.
  path: Assets/Import/ARTnGAME/InfiniCLOUD/Scripts/V3.4 Scripts/ShaderVolumeClouds/ShaderVolumeCloudsSMV3.4 3 SM30 like SM20 H 1 BACK8 use 3 v3.4.3 TOP DOWN.mat
  artifactKey: Guid(983bee01a1f717945b58f6821a07ae33) Importer(815301076,1909f56bfc062723c751e8b465ee728b)
Start importing Assets/Import/ARTnGAME/InfiniCLOUD/Scripts/V3.4 Scripts/ShaderVolumeClouds/ShaderVolumeCloudsSMV3.4 3 SM30 like SM20 H 1 BACK8 use 3 v3.4.3 TOP DOWN.mat using Guid(983bee01a1f717945b58f6821a07ae33) Importer(815301076,1909f56bfc062723c751e8b465ee728b)  -> (artifact id: '6948eca70d33aafbba71c028bfb28a85') in 0.024028 seconds 
========================================================================
Received Import Request.
  Time since last request: 0.000233 seconds.
  path: Assets/Import/ARTnGAME/SkyMaster/EXTRA SM DEMOS AND ASSETS/Scripts/V3.4 Scripts/ShaderVolumeClouds/ShaderVolumeCloudsSMV3.4 3 SM30 like SM20 H 1SHADOWS 1.mat
  artifactKey: Guid(af359c1a57b939a468e6df49c30b3816) Importer(815301076,1909f56bfc062723c751e8b465ee728b)
Start importing Assets/Import/ARTnGAME/SkyMaster/EXTRA SM DEMOS AND ASSETS/Scripts/V3.4 Scripts/ShaderVolumeClouds/ShaderVolumeCloudsSMV3.4 3 SM30 like SM20 H 1SHADOWS 1.mat using Guid(af359c1a57b939a468e6df49c30b3816) Importer(815301076,1909f56bfc062723c751e8b465ee728b)  -> (artifact id: '884d05e3f7795b241e84862c56acdb1e') in 0.025164 seconds 
========================================================================
Received Import Request.
  Time since last request: 0.000245 seconds.
  path: Assets/Import/ARTnGAME/SkyMaster/EXTRA SM DEMOS AND ASSETS/Scripts/V3.4 Scripts/ShaderVolumeClouds/ShaderVolumeCloudsSMV3.4 3 SM30.mat
  artifactKey: Guid(03c1c0911ac964946b199e96bdbc3618) Importer(815301076,1909f56bfc062723c751e8b465ee728b)
Start importing Assets/Import/ARTnGAME/SkyMaster/EXTRA SM DEMOS AND ASSETS/Scripts/V3.4 Scripts/ShaderVolumeClouds/ShaderVolumeCloudsSMV3.4 3 SM30.mat using Guid(03c1c0911ac964946b199e96bdbc3618) Importer(815301076,1909f56bfc062723c751e8b465ee728b)  -> (artifact id: '1bb0576e2bc59107944e3d29c33acb35') in 0.025188 seconds 
========================================================================
Received Import Request.
  Time since last request: 0.000237 seconds.
  path: Assets/Import/ARTnGAME/SkyMaster/Scripts/V3.5 Scripts/Full volume clouds/ShaderVolumeCloudsSMV3.4 3 SM30 like SM20 H 1 BACK8 use 3a.mat
  artifactKey: Guid(edc0aee0f735fcd4f8bbb22e6a458c36) Importer(815301076,1909f56bfc062723c751e8b465ee728b)
Start importing Assets/Import/ARTnGAME/SkyMaster/Scripts/V3.5 Scripts/Full volume clouds/ShaderVolumeCloudsSMV3.4 3 SM30 like SM20 H 1 BACK8 use 3a.mat using Guid(edc0aee0f735fcd4f8bbb22e6a458c36) Importer(815301076,1909f56bfc062723c751e8b465ee728b)  -> (artifact id: '64a49c52459553db3e06dda05b175155') in 0.025854 seconds 
========================================================================
Received Import Request.
  Time since last request: 0.000280 seconds.
  path: Assets/Import/ARTnGAME/InfiniCLOUD/Scripts/V3.4 Scripts/ShaderVolumeClouds/ShaderVolumeCloudsSMV3.4 3 SM30 like SM20 Q.mat
  artifactKey: Guid(ab10aa58717606f4994713e78bc99972) Importer(815301076,1909f56bfc062723c751e8b465ee728b)
Start importing Assets/Import/ARTnGAME/InfiniCLOUD/Scripts/V3.4 Scripts/ShaderVolumeClouds/ShaderVolumeCloudsSMV3.4 3 SM30 like SM20 Q.mat using Guid(ab10aa58717606f4994713e78bc99972) Importer(815301076,1909f56bfc062723c751e8b465ee728b)  -> (artifact id: '200cee11044526789c95cfcc76bf61a8') in 0.030652 seconds 
========================================================================
Received Import Request.
  Time since last request: 0.000252 seconds.
  path: Assets/Import/ARTnGAME/InfiniCLOUD/Scripts/V3.4 Scripts/ShaderVolumeClouds/ShaderVolumeCloudsSMV3.4 3 SM30 like SM20 H 1 BACK8 use 3 v3.4.3 TOP DOWN LOW FOG.mat
  artifactKey: Guid(38c33de9e06c0da4bb600cca57e91a76) Importer(815301076,1909f56bfc062723c751e8b465ee728b)
Start importing Assets/Import/ARTnGAME/InfiniCLOUD/Scripts/V3.4 Scripts/ShaderVolumeClouds/ShaderVolumeCloudsSMV3.4 3 SM30 like SM20 H 1 BACK8 use 3 v3.4.3 TOP DOWN LOW FOG.mat using Guid(38c33de9e06c0da4bb600cca57e91a76) Importer(815301076,1909f56bfc062723c751e8b465ee728b)  -> (artifact id: 'abaf56c91343eaeda607e9ed8ef9a3a5') in 0.082310 seconds 
========================================================================
Received Import Request.
  Time since last request: 0.000245 seconds.
  path: Assets/Import/ARTnGAME/SkyMaster/Scripts/V3.5 Scripts/Full volume clouds/ShaderVolumeCloudsSMV3.4 3 SM30 like SM20 H 1 BACK8 use 3 DOME BACK4.mat
  artifactKey: Guid(b13f37360ae8e524cbc3a4624fed3b8d) Importer(815301076,1909f56bfc062723c751e8b465ee728b)
Start importing Assets/Import/ARTnGAME/SkyMaster/Scripts/V3.5 Scripts/Full volume clouds/ShaderVolumeCloudsSMV3.4 3 SM30 like SM20 H 1 BACK8 use 3 DOME BACK4.mat using Guid(b13f37360ae8e524cbc3a4624fed3b8d) Importer(815301076,1909f56bfc062723c751e8b465ee728b)  -> (artifact id: '8759ba79734e3f104b8c743b0d9ae6a1') in 0.021665 seconds 
========================================================================
Received Import Request.
  Time since last request: 0.000307 seconds.
  path: Assets/Import/ARTnGAME/InfiniCLOUD/LWRP/ShaderVolumeCloudsSMV3.4 3 SM30 like SM20 H 1 BACK8 use 3 v3.4.3 TOP DOWN LOW FOG 4 VORTEX 2.mat
  artifactKey: Guid(952111c98b376e848a6882cb8f6233cd) Importer(815301076,1909f56bfc062723c751e8b465ee728b)
Start importing Assets/Import/ARTnGAME/InfiniCLOUD/LWRP/ShaderVolumeCloudsSMV3.4 3 SM30 like SM20 H 1 BACK8 use 3 v3.4.3 TOP DOWN LOW FOG 4 VORTEX 2.mat using Guid(952111c98b376e848a6882cb8f6233cd) Importer(815301076,1909f56bfc062723c751e8b465ee728b)  -> (artifact id: '1b3797e28ba628a0f3414c1f5fad966e') in 0.019262 seconds 
========================================================================
Received Import Request.
  Time since last request: 0.000249 seconds.
  path: Assets/Import/ARTnGAME/SkyMaster/EXTRA SM DEMOS AND ASSETS/Scripts/V3.4 Scripts/ShaderVolumeClouds/ShaderVolumeCloudsSMV3.4 3 SM30 like SM20 H 1 BACK8 use 3 v3.4.3 1.mat
  artifactKey: Guid(d5102e63e96ec1e4eaab987ffee2753f) Importer(815301076,1909f56bfc062723c751e8b465ee728b)
Start importing Assets/Import/ARTnGAME/SkyMaster/EXTRA SM DEMOS AND ASSETS/Scripts/V3.4 Scripts/ShaderVolumeClouds/ShaderVolumeCloudsSMV3.4 3 SM30 like SM20 H 1 BACK8 use 3 v3.4.3 1.mat using Guid(d5102e63e96ec1e4eaab987ffee2753f) Importer(815301076,1909f56bfc062723c751e8b465ee728b)  -> (artifact id: '7c133365e56729fc356f7ff07e860026') in 0.021877 seconds 
========================================================================
Received Import Request.
  Time since last request: 0.000218 seconds.
  path: Assets/Import/ARTnGAME/SkyMaster/EXTRA SM DEMOS AND ASSETS/Scripts/V3.4 Scripts/ShaderVolumeClouds/ShaderVolumeCloudsSMV3.4 3.mat
  artifactKey: Guid(4e958dcf5ed760a419f4520a7146e6cf) Importer(815301076,1909f56bfc062723c751e8b465ee728b)
Start importing Assets/Import/ARTnGAME/SkyMaster/EXTRA SM DEMOS AND ASSETS/Scripts/V3.4 Scripts/ShaderVolumeClouds/ShaderVolumeCloudsSMV3.4 3.mat using Guid(4e958dcf5ed760a419f4520a7146e6cf) Importer(815301076,1909f56bfc062723c751e8b465ee728b)  -> (artifact id: '414bab36c0ef8ce65d4ff528fcf0289d') in 0.015580 seconds 
========================================================================
Received Import Request.
  Time since last request: 0.000297 seconds.
  path: Assets/Import/ARTnGAME/SkyMaster/EXTRA SM DEMOS AND ASSETS/Assets/Version 3.4/LookAboveShaderClouds/ShaderVolumeCloudsSMV3.4 3 SM30 like SM20 H 1 BACK8 use 5 (3 before move higher - for mountin fog).mat
  artifactKey: Guid(9211be33c55d38b4e97c44914717ef82) Importer(815301076,1909f56bfc062723c751e8b465ee728b)
Start importing Assets/Import/ARTnGAME/SkyMaster/EXTRA SM DEMOS AND ASSETS/Assets/Version 3.4/LookAboveShaderClouds/ShaderVolumeCloudsSMV3.4 3 SM30 like SM20 H 1 BACK8 use 5 (3 before move higher - for mountin fog).mat using Guid(9211be33c55d38b4e97c44914717ef82) Importer(815301076,1909f56bfc062723c751e8b465ee728b)  -> (artifact id: '3db27316b8c0bcd90aca8c946e07b317') in 0.022642 seconds 
========================================================================
Received Import Request.
  Time since last request: 0.000249 seconds.
  path: Assets/Import/ARTnGAME/SkyMaster/EXTRA SM DEMOS AND ASSETS/Scripts/V3.4 Scripts/ShaderVolumeClouds/ShaderVolumeCloudsSMV3.4 3 SM30 like SM20 H 1 BACK8 use 1BACK.mat
  artifactKey: Guid(8fda82ed87eec834d902299fe1f2764b) Importer(815301076,1909f56bfc062723c751e8b465ee728b)
Start importing Assets/Import/ARTnGAME/SkyMaster/EXTRA SM DEMOS AND ASSETS/Scripts/V3.4 Scripts/ShaderVolumeClouds/ShaderVolumeCloudsSMV3.4 3 SM30 like SM20 H 1 BACK8 use 1BACK.mat using Guid(8fda82ed87eec834d902299fe1f2764b) Importer(815301076,1909f56bfc062723c751e8b465ee728b)  -> (artifact id: '425f98c39b994f28b8331b3d1ad39674') in 0.023133 seconds 
========================================================================
Received Import Request.
  Time since last request: 10.233665 seconds.
  path: Assets/Import/ARTnGAME/SkyMaster/DEMOS/DEMO ASSETS/Version 3.3/River Assets/Materials/Waterbump 1.jpg
  artifactKey: Guid(6c93f72df53d12245bc2ab09ce1de36f) Importer(815301076,1909f56bfc062723c751e8b465ee728b)
Start importing Assets/Import/ARTnGAME/SkyMaster/DEMOS/DEMO ASSETS/Version 3.3/River Assets/Materials/Waterbump 1.jpg using Guid(6c93f72df53d12245bc2ab09ce1de36f) Importer(815301076,1909f56bfc062723c751e8b465ee728b)  -> (artifact id: 'b8f9a2b1e5ae8c13545363e16a7e2ce3') in 0.064305 seconds 
========================================================================
Received Import Request.
  Time since last request: 1.348733 seconds.
  path: Assets/Import/ARTnGAME/SkyMaster/EXTRA SM DEMOS AND ASSETS/Scripts/V3.4 Scripts
  artifactKey: Guid(5d60bd93893e6414c81f6296d0b3bf35) Importer(815301076,1909f56bfc062723c751e8b465ee728b)
Start importing Assets/Import/ARTnGAME/SkyMaster/EXTRA SM DEMOS AND ASSETS/Scripts/V3.4 Scripts using Guid(5d60bd93893e6414c81f6296d0b3bf35) Importer(815301076,1909f56bfc062723c751e8b465ee728b)  -> (artifact id: 'c46fffb121b9f33e15c751e2c2d5f217') in 0.008623 seconds 
========================================================================
Received Import Request.
  Time since last request: 6.654864 seconds.
  path: Assets/Import/ARTnGAME/SkyMaster/EXTRA SM DEMOS AND ASSETS/Scripts/V3.4 Scripts/ShaderVolumeClouds
  artifactKey: Guid(eb3aea120258cde46857d8b7928d7fdc) Importer(815301076,1909f56bfc062723c751e8b465ee728b)
Start importing Assets/Import/ARTnGAME/SkyMaster/EXTRA SM DEMOS AND ASSETS/Scripts/V3.4 Scripts/ShaderVolumeClouds using Guid(eb3aea120258cde46857d8b7928d7fdc) Importer(815301076,1909f56bfc062723c751e8b465ee728b)  -> (artifact id: 'f6b8fea2d8113d80181931c987d9d7e8') in 0.008902 seconds 
